<?xml version="1.0" encoding="UTF-8"?>
<testsuites name="OrangeHRM_Employee_record" time="168.16" tests="3" failures="1" errors="0">
   <testsuite name="OrangeHRM_Employee_record" tests="3" failures="1" errors="0" time="168.16" skipped="0" timestamp="2022-10-07 11:13:07" hostname="rahul.manekari - NIT-LPT-R325.nitorinfotech.net" id="Test Suites/OrangeHRM_Employee_record">
      <properties>
         <property name="deviceName" value=""/>
         <property name="devicePlatform" value=""/>
         <property name="logFolder" value="C:\\Users\\rahul.manekari\\Katalon Studio\\POC_OrangeHRM_Katalon.git\\Reports\\20221007_111257\\OrangeHRM_Employee_record\\20221007_111257"/>
         <property name="logFiles" value="C:\\Users\\rahul.manekari\\Katalon Studio\\POC_OrangeHRM_Katalon.git\\Reports\\20221007_111257\\OrangeHRM_Employee_record\\20221007_111257\\execution0.log"/>
         <property name="attachments" value="C:\\Users\\rahul.manekari\\Katalon Studio\\POC_OrangeHRM_Katalon.git\\Reports\\20221007_111257\\OrangeHRM_Employee_record\\20221007_111257\\1665121555477.png, C:\\Users\\rahul.manekari\\Katalon Studio\\POC_OrangeHRM_Katalon.git\\Reports\\20221007_111257\\OrangeHRM_Employee_record\\20221007_111257\\1665121555609.png"/>
         <property name="hostName" value="rahul.manekari - NIT-LPT-R325.nitorinfotech.net"/>
         <property name="os" value="Windows 10 64bit"/>
         <property name="katalonVersion" value="8.5.0.208"/>
         <property name="browser" value="Chrome 106.0.0.0"/>
         <property name="hostAddress" value="10.21.15.80"/>
         <property name="sessionId" value="b63350ab25f42c88461e929f960e93d7"/>
         <property name="seleniumVersion" value="3.141.59"/>
         <property name="proxyInformation" value="ProxyInformation { proxyOption=NO_PROXY, proxyServerType=HTTP, username=, password=********, proxyServerAddress=, proxyServerPort=0, executionList=&quot;&quot;, isApplyToDesiredCapabilities=true }"/>
         <property name="platform" value="Windows 10"/>
      </properties>
      <testcase name="Test Cases/OrangeHRM_Employee_Create" time="56.784" classname="Test Cases/OrangeHRM_Employee_Create" status="PASSED">
         <system-out><![CDATA[2022-10-07 11:13:07 - [TEST_CASE][PASSED] - Test Cases/OrangeHRM_Employee_Create: Test Cases/OrangeHRM_Employee_Create

2022-10-07 11:13:08 - [TEST_STEP][PASSED] - callTestCase(findTestCase("OrangeHRM_Login_Page"), [:], STOP_ON_FAILURE): Call Test Case 'Test Cases/OrangeHRM_Login_Page' successfully

2022-10-07 11:13:08 - [TEST_CASE][PASSED] - Test Cases/OrangeHRM_Login_Page: Test Cases/OrangeHRM_Login_Page

2022-10-07 11:13:09 - [TEST_STEP][PASSED] - openBrowser(""): Browser is opened with url: ''

2022-10-07 11:13:09 - [MESSAGE][INFO] - Starting 'Chrome' driver

2022-10-07 11:13:09 - [MESSAGE][INFO] - Action delay is set to 0 milliseconds

2022-10-07 11:13:11 - [MESSAGE][PASSED] - Browser is opened with url: ''

2022-10-07 11:13:11 - [TEST_STEP][PASSED] - navigateToUrl("https://opensource-demo.orangehrmlive.com/web/index.php/auth/login"): Navigate to 'https://opensource-demo.orangehrmlive.com/web/index.php/auth/login' successfully

2022-10-07 11:13:14 - [MESSAGE][PASSED] - Navigate to 'https://opensource-demo.orangehrmlive.com/web/index.php/auth/login' successfully

2022-10-07 11:13:14 - [TEST_STEP][PASSED] - maximizeWindow(): Current window maximized

2022-10-07 11:13:15 - [MESSAGE][PASSED] - Current window maximized

2022-10-07 11:13:15 - [TEST_STEP][PASSED] - setText(findTestObject("Object Repository/OrangeHRM_Login/input_Login_Username"), "Admin"): Text 'Admin' is set on object 'Object Repository/OrangeHRM_Login/input_Login_Username'

2022-10-07 11:13:16 - [MESSAGE][PASSED] - Text 'Admin' is set on object 'Object Repository/OrangeHRM_Login/input_Login_Username'

2022-10-07 11:13:16 - [TEST_STEP][PASSED] - setEncryptedText(findTestObject("Object Repository/OrangeHRM_Login/input_Login_Password"), "hUKwJTbofgPU9eVlw/CnDQ=="): Text ****** has been set on object 'Object Repository/OrangeHRM_Login/input_Login_Password'

2022-10-07 11:13:17 - [MESSAGE][PASSED] - Text ****** has been set on object 'Object Repository/OrangeHRM_Login/input_Login_Password'

2022-10-07 11:13:17 - [TEST_STEP][PASSED] - click(findTestObject("Object Repository/OrangeHRM_Login/button_Login")): Object: 'Object Repository/OrangeHRM_Login/button_Login' is clicked on

2022-10-07 11:13:17 - [MESSAGE][PASSED] - Object: 'Object Repository/OrangeHRM_Login/button_Login' is clicked on

2022-10-07 11:13:17 - [MESSAGE][PASSED] - Call Test Case 'Test Cases/OrangeHRM_Login_Page' successfully

2022-10-07 11:13:17 - [TEST_STEP][PASSED] - click(findTestObject("Object Repository/OrangeHRM_Employee_Create/button_Add_Employee")): Object: 'Object Repository/OrangeHRM_Employee_Create/button_Add_Employee' is clicked on

2022-10-07 11:13:21 - [MESSAGE][PASSED] - Object: 'Object Repository/OrangeHRM_Employee_Create/button_Add_Employee' is clicked on

2022-10-07 11:13:21 - [TEST_STEP][PASSED] - setText(findTestObject("Object Repository/OrangeHRM_Employee_Create/input_Employee_firstName"), "Abdul"): Text 'Abdul' is set on object 'Object Repository/OrangeHRM_Employee_Create/input_Employee_firstName'

2022-10-07 11:13:22 - [MESSAGE][PASSED] - Text 'Abdul' is set on object 'Object Repository/OrangeHRM_Employee_Create/input_Employee_firstName'

2022-10-07 11:13:22 - [TEST_STEP][PASSED] - setText(findTestObject("Object Repository/OrangeHRM_Employee_Create/input_Employee_middleName"), "Kazim"): Text 'Kazim' is set on object 'Object Repository/OrangeHRM_Employee_Create/input_Employee_middleName'

2022-10-07 11:13:23 - [MESSAGE][PASSED] - Text 'Kazim' is set on object 'Object Repository/OrangeHRM_Employee_Create/input_Employee_middleName'

2022-10-07 11:13:23 - [TEST_STEP][PASSED] - setText(findTestObject("Object Repository/OrangeHRM_Employee_Create/input_Employee_lastName"), "Nazir"): Text 'Nazir' is set on object 'Object Repository/OrangeHRM_Employee_Create/input_Employee_lastName'

2022-10-07 11:13:24 - [MESSAGE][PASSED] - Text 'Nazir' is set on object 'Object Repository/OrangeHRM_Employee_Create/input_Employee_lastName'

2022-10-07 11:13:24 - [TEST_STEP][PASSED] - setText(findTestObject("Object Repository/OrangeHRM_Employee_Create/input_Enter_Employee Id"), "001"): Text '001' is set on object 'Object Repository/OrangeHRM_Employee_Create/input_Enter_Employee Id'

2022-10-07 11:13:25 - [MESSAGE][PASSED] - Text '001' is set on object 'Object Repository/OrangeHRM_Employee_Create/input_Enter_Employee Id'

2022-10-07 11:13:25 - [TEST_STEP][PASSED] - click(findTestObject("Object Repository/OrangeHRM_Employee_Create/button_Employee_Save")): Object: 'Object Repository/OrangeHRM_Employee_Create/button_Employee_Save' is clicked on

2022-10-07 11:13:25 - [MESSAGE][PASSED] - Object: 'Object Repository/OrangeHRM_Employee_Create/button_Employee_Save' is clicked on

2022-10-07 11:13:25 - [TEST_STEP][PASSED] - waitForAlert(2): No alert found after 2 second(s).

2022-10-07 11:13:27 - [MESSAGE][WARNING] - No alert found after 2 second(s).

2022-10-07 11:13:27 - [TEST_STEP][PASSED] - setText(findTestObject("Object Repository/OrangeHRM_Employee_Create/input_Enter_Employee_Other Id"), "AKN202010"): Text 'AKN202010' is set on object 'Object Repository/OrangeHRM_Employee_Create/input_Enter_Employee_Other Id'

2022-10-07 11:13:31 - [MESSAGE][PASSED] - Text 'AKN202010' is set on object 'Object Repository/OrangeHRM_Employee_Create/input_Enter_Employee_Other Id'

2022-10-07 11:13:31 - [TEST_STEP][PASSED] - setText(findTestObject("Object Repository/OrangeHRM_Employee_Create/input_Enter_driver_license_number"), "MH1020121022"): Text 'MH1020121022' is set on object 'Object Repository/OrangeHRM_Employee_Create/input_Enter_driver_license_number'

2022-10-07 11:13:32 - [MESSAGE][PASSED] - Text 'MH1020121022' is set on object 'Object Repository/OrangeHRM_Employee_Create/input_Enter_driver_license_number'

2022-10-07 11:13:32 - [TEST_STEP][PASSED] - setText(findTestObject("Object Repository/OrangeHRM_Employee_Create/input_Enter_License Expiry Date"), "2026-10-10"): Text '2026-10-10' is set on object 'Object Repository/OrangeHRM_Employee_Create/input_Enter_License Expiry Date'

2022-10-07 11:13:32 - [MESSAGE][PASSED] - Text '2026-10-10' is set on object 'Object Repository/OrangeHRM_Employee_Create/input_Enter_License Expiry Date'

2022-10-07 11:13:32 - [TEST_STEP][PASSED] - setText(findTestObject("Object Repository/OrangeHRM_Employee_Create/input_Enter_SSN Number"), "MH1010101090"): Text 'MH1010101090' is set on object 'Object Repository/OrangeHRM_Employee_Create/input_Enter_SSN Number'

2022-10-07 11:13:33 - [MESSAGE][PASSED] - Text 'MH1010101090' is set on object 'Object Repository/OrangeHRM_Employee_Create/input_Enter_SSN Number'

2022-10-07 11:13:33 - [TEST_STEP][PASSED] - setText(findTestObject("Object Repository/OrangeHRM_Employee_Create/input_Enter_SIN Number"), "MH9090909010"): Text 'MH9090909010' is set on object 'Object Repository/OrangeHRM_Employee_Create/input_Enter_SIN Number'

2022-10-07 11:13:34 - [MESSAGE][PASSED] - Text 'MH9090909010' is set on object 'Object Repository/OrangeHRM_Employee_Create/input_Enter_SIN Number'

2022-10-07 11:13:34 - [TEST_STEP][PASSED] - click(findTestObject("Object Repository/OrangeHRM_Employee_Create/i_Marital_status_Dropdown")): Object: 'Object Repository/OrangeHRM_Employee_Create/i_Marital_status_Dropdown' is clicked on

2022-10-07 11:13:34 - [MESSAGE][PASSED] - Object: 'Object Repository/OrangeHRM_Employee_Create/i_Marital_status_Dropdown' is clicked on

2022-10-07 11:13:34 - [TEST_STEP][PASSED] - click(findTestObject("Object Repository/OrangeHRM_Employee_Create/div_Married")): Object: 'Object Repository/OrangeHRM_Employee_Create/div_Married' is clicked on

2022-10-07 11:13:35 - [MESSAGE][PASSED] - Object: 'Object Repository/OrangeHRM_Employee_Create/div_Married' is clicked on

2022-10-07 11:13:35 - [TEST_STEP][PASSED] - click(findTestObject("Object Repository/OrangeHRM_Employee_Create/i_Nationality_dropdown")): Object: 'Object Repository/OrangeHRM_Employee_Create/i_Nationality_dropdown' is clicked on

2022-10-07 11:13:35 - [MESSAGE][PASSED] - Object: 'Object Repository/OrangeHRM_Employee_Create/i_Nationality_dropdown' is clicked on

2022-10-07 11:13:35 - [TEST_STEP][PASSED] - click(findTestObject("Object Repository/OrangeHRM_Employee_Create/div_Indian")): Object: 'Object Repository/OrangeHRM_Employee_Create/div_Indian' is clicked on

2022-10-07 11:13:36 - [MESSAGE][PASSED] - Object: 'Object Repository/OrangeHRM_Employee_Create/div_Indian' is clicked on

2022-10-07 11:13:36 - [TEST_STEP][PASSED] - setText(findTestObject("Object Repository/OrangeHRM_Employee_Create/input_Enter_Date of Birth"), "1996-10-11"): Text '1996-10-11' is set on object 'Object Repository/OrangeHRM_Employee_Create/input_Enter_Date of Birth'

2022-10-07 11:13:37 - [MESSAGE][PASSED] - Text '1996-10-11' is set on object 'Object Repository/OrangeHRM_Employee_Create/input_Enter_Date of Birth'

2022-10-07 11:13:37 - [TEST_STEP][PASSED] - click(findTestObject("Object Repository/OrangeHRM_Employee_Create/label_Male_radiobutton")): Object: 'Object Repository/OrangeHRM_Employee_Create/label_Male_radiobutton' is clicked on

2022-10-07 11:13:37 - [MESSAGE][PASSED] - Object: 'Object Repository/OrangeHRM_Employee_Create/label_Male_radiobutton' is clicked on

2022-10-07 11:13:37 - [TEST_STEP][PASSED] - click(findTestObject("Object Repository/OrangeHRM_Employee_Create/label_Female_radiobutton")): Object: 'Object Repository/OrangeHRM_Employee_Create/label_Female_radiobutton' is clicked on

2022-10-07 11:13:37 - [MESSAGE][PASSED] - Object: 'Object Repository/OrangeHRM_Employee_Create/label_Female_radiobutton' is clicked on

2022-10-07 11:13:37 - [TEST_STEP][PASSED] - click(findTestObject("Object Repository/OrangeHRM_Employee_Create/label_Male_radiobutton")): Object: 'Object Repository/OrangeHRM_Employee_Create/label_Male_radiobutton' is clicked on

2022-10-07 11:13:38 - [MESSAGE][PASSED] - Object: 'Object Repository/OrangeHRM_Employee_Create/label_Male_radiobutton' is clicked on

2022-10-07 11:13:38 - [TEST_STEP][PASSED] - setText(findTestObject("Object Repository/OrangeHRM_Employee_Create/input_Enter_Military Service"), "2015-2018"): Text '2015-2018' is set on object 'Object Repository/OrangeHRM_Employee_Create/input_Enter_Military Service'

2022-10-07 11:13:38 - [MESSAGE][PASSED] - Text '2015-2018' is set on object 'Object Repository/OrangeHRM_Employee_Create/input_Enter_Military Service'

2022-10-07 11:13:38 - [TEST_STEP][PASSED] - click(findTestObject("Object Repository/OrangeHRM_Employee_Create/label_Smoker_checkbox_Yes")): Object: 'Object Repository/OrangeHRM_Employee_Create/label_Smoker_checkbox_Yes' is clicked on

2022-10-07 11:13:39 - [MESSAGE][PASSED] - Object: 'Object Repository/OrangeHRM_Employee_Create/label_Smoker_checkbox_Yes' is clicked on

2022-10-07 11:13:39 - [TEST_STEP][PASSED] - click(findTestObject("Object Repository/OrangeHRM_Employee_Create/button_Save_personal_details")): Object: 'Object Repository/OrangeHRM_Employee_Create/button_Save_personal_details' is clicked on

2022-10-07 11:13:39 - [MESSAGE][PASSED] - Object: 'Object Repository/OrangeHRM_Employee_Create/button_Save_personal_details' is clicked on

2022-10-07 11:13:39 - [TEST_STEP][PASSED] - waitForAlert(2): No alert found after 2 second(s).

2022-10-07 11:13:41 - [MESSAGE][WARNING] - No alert found after 2 second(s).

2022-10-07 11:13:41 - [TEST_STEP][PASSED] - click(findTestObject("Object Repository/OrangeHRM_Employee_Create/a_Job")): Object: 'Object Repository/OrangeHRM_Employee_Create/a_Job' is clicked on

2022-10-07 11:13:42 - [MESSAGE][PASSED] - Object: 'Object Repository/OrangeHRM_Employee_Create/a_Job' is clicked on

2022-10-07 11:13:42 - [TEST_STEP][PASSED] - click(findTestObject("Object Repository/OrangeHRM_Employee_Create/i_Job_title_dropdown")): Object: 'Object Repository/OrangeHRM_Employee_Create/i_Job_title_dropdown' is clicked on

2022-10-07 11:13:44 - [MESSAGE][PASSED] - Object: 'Object Repository/OrangeHRM_Employee_Create/i_Job_title_dropdown' is clicked on

2022-10-07 11:13:44 - [TEST_STEP][PASSED] - click(findTestObject("Object Repository/OrangeHRM_Employee_Create/div_QA Engineer")): Object: 'Object Repository/OrangeHRM_Employee_Create/div_QA Engineer' is clicked on

2022-10-07 11:13:45 - [MESSAGE][PASSED] - Object: 'Object Repository/OrangeHRM_Employee_Create/div_QA Engineer' is clicked on

2022-10-07 11:13:45 - [TEST_STEP][PASSED] - click(findTestObject("Object Repository/OrangeHRM_Employee_Create/i_Employee_status_dropdown")): Object: 'Object Repository/OrangeHRM_Employee_Create/i_Employee_status_dropdown' is clicked on

2022-10-07 11:13:45 - [MESSAGE][PASSED] - Object: 'Object Repository/OrangeHRM_Employee_Create/i_Employee_status_dropdown' is clicked on

2022-10-07 11:13:45 - [TEST_STEP][PASSED] - click(findTestObject("Object Repository/OrangeHRM_Employee_Create/div_Full-Time Permanent")): Object: 'Object Repository/OrangeHRM_Employee_Create/div_Full-Time Permanent' is clicked on

2022-10-07 11:13:46 - [MESSAGE][PASSED] - Object: 'Object Repository/OrangeHRM_Employee_Create/div_Full-Time Permanent' is clicked on

2022-10-07 11:13:46 - [TEST_STEP][PASSED] - click(findTestObject("Object Repository/OrangeHRM_Employee_Create/button_Save_job_details")): Object: 'Object Repository/OrangeHRM_Employee_Create/button_Save_job_details' is clicked on

2022-10-07 11:13:46 - [MESSAGE][PASSED] - Object: 'Object Repository/OrangeHRM_Employee_Create/button_Save_job_details' is clicked on

2022-10-07 11:13:46 - [TEST_STEP][PASSED] - waitForAlert(2): No alert found after 2 second(s).

2022-10-07 11:13:48 - [MESSAGE][WARNING] - No alert found after 2 second(s).

2022-10-07 11:13:48 - [TEST_STEP][PASSED] - back(): Navigate back successfully

2022-10-07 11:13:49 - [MESSAGE][PASSED] - Navigate back successfully

2022-10-07 11:13:49 - [TEST_STEP][PASSED] - click(findTestObject("Object Repository/OrangeHRM_Employee_Create/i_Blood_type_dropdown")): Object: 'Object Repository/OrangeHRM_Employee_Create/i_Blood_type_dropdown' is clicked on

2022-10-07 11:13:49 - [MESSAGE][PASSED] - Object: 'Object Repository/OrangeHRM_Employee_Create/i_Blood_type_dropdown' is clicked on

2022-10-07 11:13:49 - [TEST_STEP][PASSED] - click(findTestObject("Object Repository/OrangeHRM_Employee_Create/div_A")): Object: 'Object Repository/OrangeHRM_Employee_Create/div_A' is clicked on

2022-10-07 11:13:50 - [MESSAGE][PASSED] - Object: 'Object Repository/OrangeHRM_Employee_Create/div_A' is clicked on

2022-10-07 11:13:50 - [TEST_STEP][PASSED] - click(findTestObject("Object Repository/OrangeHRM_Employee_Create/button_Save_Custom_details")): Object: 'Object Repository/OrangeHRM_Employee_Create/button_Save_Custom_details' is clicked on

2022-10-07 11:13:50 - [MESSAGE][PASSED] - Object: 'Object Repository/OrangeHRM_Employee_Create/button_Save_Custom_details' is clicked on

2022-10-07 11:13:50 - [TEST_STEP][PASSED] - waitForAlert(2): No alert found after 2 second(s).

2022-10-07 11:13:52 - [MESSAGE][WARNING] - No alert found after 2 second(s).

2022-10-07 11:13:52 - [TEST_STEP][PASSED] - back(): Navigate back successfully

2022-10-07 11:13:52 - [MESSAGE][PASSED] - Navigate back successfully

2022-10-07 11:13:52 - [TEST_STEP][PASSED] - back(): Navigate back successfully

2022-10-07 11:13:52 - [MESSAGE][PASSED] - Navigate back successfully

2022-10-07 11:13:52 - [TEST_STEP][PASSED] - click(findTestObject("Object Repository/OrangeHRM_Employee_Create/input_Employee_name_search")): Object: 'Object Repository/OrangeHRM_Employee_Create/input_Employee_name_search' is clicked on

2022-10-07 11:13:54 - [MESSAGE][PASSED] - Object: 'Object Repository/OrangeHRM_Employee_Create/input_Employee_name_search' is clicked on

2022-10-07 11:13:54 - [TEST_STEP][PASSED] - setText(findTestObject("Object Repository/OrangeHRM_Employee_Create/input_Employee_name_search"), "Abdul"): Text 'Abdul' is set on object 'Object Repository/OrangeHRM_Employee_Create/input_Employee_name_search'

2022-10-07 11:13:54 - [MESSAGE][PASSED] - Text 'Abdul' is set on object 'Object Repository/OrangeHRM_Employee_Create/input_Employee_name_search'

2022-10-07 11:13:54 - [TEST_STEP][PASSED] - waitForAlert(2): No alert found after 2 second(s).

2022-10-07 11:13:56 - [MESSAGE][WARNING] - No alert found after 2 second(s).

2022-10-07 11:13:56 - [TEST_STEP][PASSED] - click(findTestObject("Object Repository/OrangeHRM_Employee_Create/div_First_option_select")): Object: 'Object Repository/OrangeHRM_Employee_Create/div_First_option_select' is clicked on

2022-10-07 11:13:57 - [MESSAGE][PASSED] - Object: 'Object Repository/OrangeHRM_Employee_Create/div_First_option_select' is clicked on

2022-10-07 11:13:57 - [TEST_STEP][PASSED] - click(findTestObject("Object Repository/OrangeHRM_Employee_Create/button_Search_employee")): Object: 'Object Repository/OrangeHRM_Employee_Create/button_Search_employee' is clicked on

2022-10-07 11:13:57 - [MESSAGE][PASSED] - Object: 'Object Repository/OrangeHRM_Employee_Create/button_Search_employee' is clicked on

2022-10-07 11:13:57 - [TEST_STEP][PASSED] - scrollToPosition(100, 200): Browser is scrolled to position x = 100, y = 200

2022-10-07 11:13:57 - [MESSAGE][PASSED] - Browser is scrolled to position x = 100, y = 200

2022-10-07 11:13:57 - [TEST_STEP][PASSED] - waitForAlert(2): No alert found after 2 second(s).

2022-10-07 11:13:59 - [MESSAGE][WARNING] - No alert found after 2 second(s).

2022-10-07 11:13:59 - [TEST_STEP][PASSED] - click(findTestObject("Object Repository/OrangeHRM_Employee_Create/i_Employee_dropdown")): Object: 'Object Repository/OrangeHRM_Employee_Create/i_Employee_dropdown' is clicked on

2022-10-07 11:14:00 - [MESSAGE][PASSED] - Object: 'Object Repository/OrangeHRM_Employee_Create/i_Employee_dropdown' is clicked on

2022-10-07 11:14:00 - [TEST_STEP][PASSED] - click(findTestObject("Object Repository/OrangeHRM_Employee_Create/a_Logout")): Object: 'Object Repository/OrangeHRM_Employee_Create/a_Logout' is clicked on

2022-10-07 11:14:01 - [MESSAGE][PASSED] - Object: 'Object Repository/OrangeHRM_Employee_Create/a_Logout' is clicked on

2022-10-07 11:14:01 - [TEST_STEP][PASSED] - waitForAlert(2): No alert found after 2 second(s).

2022-10-07 11:14:03 - [MESSAGE][WARNING] - No alert found after 2 second(s).

2022-10-07 11:14:03 - [TEST_STEP][PASSED] - closeBrowser(): Browser is closed

2022-10-07 11:14:04 - [MESSAGE][PASSED] - Browser is closed]]></system-out>
         <system-err><![CDATA[]]></system-err>
      </testcase>
      <testcase name="Test Cases/OrangeHRM_Employee_Delete" time="58.477" classname="Test Cases/OrangeHRM_Employee_Delete" status="PASSED">
         <system-out><![CDATA[2022-10-07 11:14:04 - [TEST_CASE][PASSED] - Test Cases/OrangeHRM_Employee_Delete: Test Cases/OrangeHRM_Employee_Delete

2022-10-07 11:14:05 - [TEST_STEP][PASSED] - callTestCase(findTestCase("OrangeHRM_Login_Page"), [:], STOP_ON_FAILURE): Call Test Case 'Test Cases/OrangeHRM_Login_Page' successfully

2022-10-07 11:14:05 - [TEST_CASE][PASSED] - Test Cases/OrangeHRM_Login_Page: Test Cases/OrangeHRM_Login_Page

2022-10-07 11:14:05 - [TEST_STEP][PASSED] - openBrowser(""): Browser is opened with url: ''

2022-10-07 11:14:05 - [MESSAGE][INFO] - Starting 'Chrome' driver

2022-10-07 11:14:05 - [MESSAGE][INFO] - Action delay is set to 0 milliseconds

2022-10-07 11:14:06 - [MESSAGE][PASSED] - Browser is opened with url: ''

2022-10-07 11:14:06 - [TEST_STEP][PASSED] - navigateToUrl("https://opensource-demo.orangehrmlive.com/web/index.php/auth/login"): Navigate to 'https://opensource-demo.orangehrmlive.com/web/index.php/auth/login' successfully

2022-10-07 11:14:09 - [MESSAGE][PASSED] - Navigate to 'https://opensource-demo.orangehrmlive.com/web/index.php/auth/login' successfully

2022-10-07 11:14:09 - [TEST_STEP][PASSED] - maximizeWindow(): Current window maximized

2022-10-07 11:14:09 - [MESSAGE][PASSED] - Current window maximized

2022-10-07 11:14:09 - [TEST_STEP][PASSED] - setText(findTestObject("Object Repository/OrangeHRM_Login/input_Login_Username"), "Admin"): Text 'Admin' is set on object 'Object Repository/OrangeHRM_Login/input_Login_Username'

2022-10-07 11:14:10 - [MESSAGE][PASSED] - Text 'Admin' is set on object 'Object Repository/OrangeHRM_Login/input_Login_Username'

2022-10-07 11:14:10 - [TEST_STEP][PASSED] - setEncryptedText(findTestObject("Object Repository/OrangeHRM_Login/input_Login_Password"), "hUKwJTbofgPU9eVlw/CnDQ=="): Text ****** has been set on object 'Object Repository/OrangeHRM_Login/input_Login_Password'

2022-10-07 11:14:11 - [MESSAGE][PASSED] - Text ****** has been set on object 'Object Repository/OrangeHRM_Login/input_Login_Password'

2022-10-07 11:14:11 - [TEST_STEP][PASSED] - click(findTestObject("Object Repository/OrangeHRM_Login/button_Login")): Object: 'Object Repository/OrangeHRM_Login/button_Login' is clicked on

2022-10-07 11:14:11 - [MESSAGE][PASSED] - Object: 'Object Repository/OrangeHRM_Login/button_Login' is clicked on

2022-10-07 11:14:11 - [MESSAGE][PASSED] - Call Test Case 'Test Cases/OrangeHRM_Login_Page' successfully

2022-10-07 11:14:11 - [TEST_STEP][PASSED] - click(findTestObject("Object Repository/OrangeHRM_Employee_Delete/button_Admin_Minimize_Menu")): Object: 'Object Repository/OrangeHRM_Employee_Delete/button_Admin_Minimize_Menu' is clicked on

2022-10-07 11:14:14 - [MESSAGE][PASSED] - Object: 'Object Repository/OrangeHRM_Employee_Delete/button_Admin_Minimize_Menu' is clicked on

2022-10-07 11:14:14 - [TEST_STEP][PASSED] - click(findTestObject("Object Repository/OrangeHRM_Employee_Create/input_Employee_name_search")): Object: 'Object Repository/OrangeHRM_Employee_Create/input_Employee_name_search' is clicked on

2022-10-07 11:14:15 - [MESSAGE][PASSED] - Object: 'Object Repository/OrangeHRM_Employee_Create/input_Employee_name_search' is clicked on

2022-10-07 11:14:15 - [TEST_STEP][PASSED] - setText(findTestObject("Object Repository/OrangeHRM_Employee_Create/input_Employee_name_search"), "Abdul"): Text 'Abdul' is set on object 'Object Repository/OrangeHRM_Employee_Create/input_Employee_name_search'

2022-10-07 11:14:15 - [MESSAGE][PASSED] - Text 'Abdul' is set on object 'Object Repository/OrangeHRM_Employee_Create/input_Employee_name_search'

2022-10-07 11:14:15 - [TEST_STEP][PASSED] - waitForAlert(2): No alert found after 2 second(s).

2022-10-07 11:14:17 - [MESSAGE][WARNING] - No alert found after 2 second(s).

2022-10-07 11:14:17 - [TEST_STEP][PASSED] - click(findTestObject("Object Repository/OrangeHRM_Employee_Create/div_First_option_select")): Object: 'Object Repository/OrangeHRM_Employee_Create/div_First_option_select' is clicked on

2022-10-07 11:14:18 - [MESSAGE][PASSED] - Object: 'Object Repository/OrangeHRM_Employee_Create/div_First_option_select' is clicked on

2022-10-07 11:14:18 - [TEST_STEP][PASSED] - click(findTestObject("Object Repository/OrangeHRM_Employee_Create/button_Search_employee")): Object: 'Object Repository/OrangeHRM_Employee_Create/button_Search_employee' is clicked on

2022-10-07 11:14:18 - [MESSAGE][PASSED] - Object: 'Object Repository/OrangeHRM_Employee_Create/button_Search_employee' is clicked on

2022-10-07 11:14:18 - [TEST_STEP][PASSED] - scrollToPosition(100, 200): Browser is scrolled to position x = 100, y = 200

2022-10-07 11:14:18 - [MESSAGE][PASSED] - Browser is scrolled to position x = 100, y = 200

2022-10-07 11:14:18 - [TEST_STEP][PASSED] - waitForAlert(2): No alert found after 2 second(s).

2022-10-07 11:14:20 - [MESSAGE][WARNING] - No alert found after 2 second(s).

2022-10-07 11:14:20 - [TEST_STEP][PASSED] - click(findTestObject("Object Repository/OrangeHRM_Employee_Delete/Select_First_record")): Object: 'Object Repository/OrangeHRM_Employee_Delete/Select_First_record' is clicked on

2022-10-07 11:14:21 - [MESSAGE][PASSED] - Object: 'Object Repository/OrangeHRM_Employee_Delete/Select_First_record' is clicked on

2022-10-07 11:14:21 - [TEST_STEP][PASSED] - click(findTestObject("Object Repository/OrangeHRM_Employee_Delete/button_Delete Selected record")): Object: 'Object Repository/OrangeHRM_Employee_Delete/button_Delete Selected record' is clicked on

2022-10-07 11:14:21 - [MESSAGE][PASSED] - Object: 'Object Repository/OrangeHRM_Employee_Delete/button_Delete Selected record' is clicked on

2022-10-07 11:14:21 - [TEST_STEP][PASSED] - click(findTestObject("Object Repository/OrangeHRM_Employee_Delete/button_Yes, Delete")): Object: 'Object Repository/OrangeHRM_Employee_Delete/button_Yes, Delete' is clicked on

2022-10-07 11:14:52 - [MESSAGE][INFO] - Unable to find the element located by 'By.xpath: (//button[@type='button'])[78]'. Please recheck the objects properties to make sure the desired element is located. 

2022-10-07 11:14:52 - [MESSAGE][WARNING] - [SELF-HEALING] Failed to find element with id 'Object Repository/OrangeHRM_Employee_Delete/button_Yes, Delete'. Try using Self-healing.

2022-10-07 11:14:53 - [MESSAGE][WARNING] - [SELF-HEALING] The current locator of test object 'Object Repository/OrangeHRM_Employee_Delete/button_Yes, Delete' was broken. Propose an alternative one: '//div[@id='app']/div[3]/div/div/div/div[3]/button[2]'.

2022-10-07 11:14:53 - [MESSAGE][PASSED] - Object: 'Object Repository/OrangeHRM_Employee_Delete/button_Yes, Delete' is clicked on

2022-10-07 11:14:53 - [TEST_STEP][PASSED] - waitForAlert(2): No alert found after 2 second(s).

2022-10-07 11:14:55 - [MESSAGE][WARNING] - No alert found after 2 second(s).

2022-10-07 11:14:55 - [TEST_STEP][PASSED] - click(findTestObject("Object Repository/OrangeHRM_Employee_Create/i_Employee_dropdown")): Object: 'Object Repository/OrangeHRM_Employee_Create/i_Employee_dropdown' is clicked on

2022-10-07 11:14:55 - [MESSAGE][PASSED] - Object: 'Object Repository/OrangeHRM_Employee_Create/i_Employee_dropdown' is clicked on

2022-10-07 11:14:55 - [TEST_STEP][PASSED] - click(findTestObject("Object Repository/OrangeHRM_Employee_Create/a_Logout")): Object: 'Object Repository/OrangeHRM_Employee_Create/a_Logout' is clicked on

2022-10-07 11:15:00 - [MESSAGE][PASSED] - Object: 'Object Repository/OrangeHRM_Employee_Create/a_Logout' is clicked on

2022-10-07 11:15:00 - [TEST_STEP][PASSED] - waitForAlert(2): No alert found after 2 second(s).

2022-10-07 11:15:02 - [MESSAGE][WARNING] - No alert found after 2 second(s).

2022-10-07 11:15:02 - [TEST_STEP][PASSED] - closeBrowser(): Browser is closed

2022-10-07 11:15:03 - [MESSAGE][PASSED] - Browser is closed]]></system-out>
         <system-err><![CDATA[]]></system-err>
      </testcase>
      <testcase name="Test Cases/OrangeHRM_Employee_create_wrong_input" time="52.458" classname="Test Cases/OrangeHRM_Employee_create_wrong_input" status="FAILED">
         <failure type="FAILED" message="Test Cases/OrangeHRM_Employee_create_wrong_input FAILED.
Reason:
com.kms.katalon.core.exception.StepFailedException: Unable to verify object 'Object Repository/OrangeHRM_Employee_Create/span_Should be a valid date in yyyy-mm-dd format' is NOT visible
	at com.kms.katalon.core.webui.keyword.internal.WebUIKeywordMain.stepFailed(WebUIKeywordMain.groovy:64)
	at com.kms.katalon.core.webui.keyword.internal.WebUIKeywordMain.runKeyword(WebUIKeywordMain.groovy:26)
	at com.kms.katalon.core.webui.keyword.builtin.VerifyElementNotVisibleKeyword.verifyElementNotVisible(VerifyElementNotVisibleKeyword.groovy:97)
	at com.kms.katalon.core.webui.keyword.builtin.VerifyElementNotVisibleKeyword.execute(VerifyElementNotVisibleKeyword.groovy:67)
	at com.kms.katalon.core.keyword.internal.KeywordExecutor.executeKeywordForPlatform(KeywordExecutor.groovy:74)
	at com.kms.katalon.core.webui.keyword.WebUiBuiltInKeywords.verifyElementNotVisible(WebUiBuiltInKeywords.groovy:405)
	at com.kms.katalon.core.webui.keyword.WebUiBuiltInKeywords$verifyElementNotVisible$9.call(Unknown Source)
	at OrangeHRM_Employee_create_wrong_input.run(OrangeHRM_Employee_create_wrong_input:42)
	at com.kms.katalon.core.main.ScriptEngine.run(ScriptEngine.java:194)
	at com.kms.katalon.core.main.ScriptEngine.runScriptAsRawText(ScriptEngine.java:119)
	at com.kms.katalon.core.main.TestCaseExecutor.runScript(TestCaseExecutor.java:448)
	at com.kms.katalon.core.main.TestCaseExecutor.doExecute(TestCaseExecutor.java:439)
	at com.kms.katalon.core.main.TestCaseExecutor.processExecutionPhase(TestCaseExecutor.java:418)
	at com.kms.katalon.core.main.TestCaseExecutor.accessMainPhase(TestCaseExecutor.java:410)
	at com.kms.katalon.core.main.TestCaseExecutor.execute(TestCaseExecutor.java:285)
	at com.kms.katalon.core.common.CommonExecutor.accessTestCaseMainPhase(CommonExecutor.java:65)
	at com.kms.katalon.core.main.TestSuiteExecutor.accessTestSuiteMainPhase(TestSuiteExecutor.java:151)
	at com.kms.katalon.core.main.TestSuiteExecutor.execute(TestSuiteExecutor.java:106)
	at com.kms.katalon.core.main.TestCaseMain.startTestSuite(TestCaseMain.java:185)
	at com.kms.katalon.core.main.TestCaseMain$startTestSuite$0.call(Unknown Source)
	at TempTestSuite1665121377584.run(TempTestSuite1665121377584.groovy:36)
Caused by: com.kms.katalon.core.exception.StepFailedException: Object 'Object Repository/OrangeHRM_Employee_Create/span_Should be a valid date in yyyy-mm-dd format' is visible
	at com.kms.katalon.core.webui.keyword.internal.WebUIKeywordMain.stepFailed(WebUIKeywordMain.groovy:64)
	at com.kms.katalon.core.webui.keyword.builtin.VerifyElementNotVisibleKeyword$_verifyElementNotVisible_closure1.doCall(VerifyElementNotVisibleKeyword.groovy:83)
	at com.kms.katalon.core.webui.keyword.builtin.VerifyElementNotVisibleKeyword$_verifyElementNotVisible_closure1.call(VerifyElementNotVisibleKeyword.groovy)
	at com.kms.katalon.core.webui.keyword.internal.WebUIKeywordMain.runKeyword(WebUIKeywordMain.groovy:20)
	... 19 more
"/>
         <system-out><![CDATA[2022-10-07 11:15:03 - [TEST_CASE][FAILED] - Test Cases/OrangeHRM_Employee_create_wrong_input: Test Cases/OrangeHRM_Employee_create_wrong_input FAILED.
Reason:
com.kms.katalon.core.exception.StepFailedException: Unable to verify object 'Object Repository/OrangeHRM_Employee_Create/span_Should be a valid date in yyyy-mm-dd format' is NOT visible
	at com.kms.katalon.core.webui.keyword.internal.WebUIKeywordMain.stepFailed(WebUIKeywordMain.groovy:64)
	at com.kms.katalon.core.webui.keyword.internal.WebUIKeywordMain.runKeyword(WebUIKeywordMain.groovy:26)
	at com.kms.katalon.core.webui.keyword.builtin.VerifyElementNotVisibleKeyword.verifyElementNotVisible(VerifyElementNotVisibleKeyword.groovy:97)
	at com.kms.katalon.core.webui.keyword.builtin.VerifyElementNotVisibleKeyword.execute(VerifyElementNotVisibleKeyword.groovy:67)
	at com.kms.katalon.core.keyword.internal.KeywordExecutor.executeKeywordForPlatform(KeywordExecutor.groovy:74)
	at com.kms.katalon.core.webui.keyword.WebUiBuiltInKeywords.verifyElementNotVisible(WebUiBuiltInKeywords.groovy:405)
	at com.kms.katalon.core.webui.keyword.WebUiBuiltInKeywords$verifyElementNotVisible$9.call(Unknown Source)
	at OrangeHRM_Employee_create_wrong_input.run(OrangeHRM_Employee_create_wrong_input:42)
	at com.kms.katalon.core.main.ScriptEngine.run(ScriptEngine.java:194)
	at com.kms.katalon.core.main.ScriptEngine.runScriptAsRawText(ScriptEngine.java:119)
	at com.kms.katalon.core.main.TestCaseExecutor.runScript(TestCaseExecutor.java:448)
	at com.kms.katalon.core.main.TestCaseExecutor.doExecute(TestCaseExecutor.java:439)
	at com.kms.katalon.core.main.TestCaseExecutor.processExecutionPhase(TestCaseExecutor.java:418)
	at com.kms.katalon.core.main.TestCaseExecutor.accessMainPhase(TestCaseExecutor.java:410)
	at com.kms.katalon.core.main.TestCaseExecutor.execute(TestCaseExecutor.java:285)
	at com.kms.katalon.core.common.CommonExecutor.accessTestCaseMainPhase(CommonExecutor.java:65)
	at com.kms.katalon.core.main.TestSuiteExecutor.accessTestSuiteMainPhase(TestSuiteExecutor.java:151)
	at com.kms.katalon.core.main.TestSuiteExecutor.execute(TestSuiteExecutor.java:106)
	at com.kms.katalon.core.main.TestCaseMain.startTestSuite(TestCaseMain.java:185)
	at com.kms.katalon.core.main.TestCaseMain$startTestSuite$0.call(Unknown Source)
	at TempTestSuite1665121377584.run(TempTestSuite1665121377584.groovy:36)
Caused by: com.kms.katalon.core.exception.StepFailedException: Object 'Object Repository/OrangeHRM_Employee_Create/span_Should be a valid date in yyyy-mm-dd format' is visible
	at com.kms.katalon.core.webui.keyword.internal.WebUIKeywordMain.stepFailed(WebUIKeywordMain.groovy:64)
	at com.kms.katalon.core.webui.keyword.builtin.VerifyElementNotVisibleKeyword$_verifyElementNotVisible_closure1.doCall(VerifyElementNotVisibleKeyword.groovy:83)
	at com.kms.katalon.core.webui.keyword.builtin.VerifyElementNotVisibleKeyword$_verifyElementNotVisible_closure1.call(VerifyElementNotVisibleKeyword.groovy)
	at com.kms.katalon.core.webui.keyword.internal.WebUIKeywordMain.runKeyword(WebUIKeywordMain.groovy:20)
	... 19 more


2022-10-07 11:15:03 - [TEST_STEP][PASSED] - callTestCase(findTestCase("OrangeHRM_Login_Page"), [:], STOP_ON_FAILURE): Call Test Case 'Test Cases/OrangeHRM_Login_Page' successfully

2022-10-07 11:15:03 - [TEST_CASE][PASSED] - Test Cases/OrangeHRM_Login_Page: Test Cases/OrangeHRM_Login_Page

2022-10-07 11:15:03 - [TEST_STEP][PASSED] - openBrowser(""): Browser is opened with url: ''

2022-10-07 11:15:03 - [MESSAGE][INFO] - Starting 'Chrome' driver

2022-10-07 11:15:03 - [MESSAGE][INFO] - Action delay is set to 0 milliseconds

2022-10-07 11:15:05 - [MESSAGE][PASSED] - Browser is opened with url: ''

2022-10-07 11:15:05 - [TEST_STEP][PASSED] - navigateToUrl("https://opensource-demo.orangehrmlive.com/web/index.php/auth/login"): Navigate to 'https://opensource-demo.orangehrmlive.com/web/index.php/auth/login' successfully

2022-10-07 11:15:07 - [MESSAGE][PASSED] - Navigate to 'https://opensource-demo.orangehrmlive.com/web/index.php/auth/login' successfully

2022-10-07 11:15:07 - [TEST_STEP][PASSED] - maximizeWindow(): Current window maximized

2022-10-07 11:15:07 - [MESSAGE][PASSED] - Current window maximized

2022-10-07 11:15:07 - [TEST_STEP][PASSED] - setText(findTestObject("Object Repository/OrangeHRM_Login/input_Login_Username"), "Admin"): Text 'Admin' is set on object 'Object Repository/OrangeHRM_Login/input_Login_Username'

2022-10-07 11:15:08 - [MESSAGE][PASSED] - Text 'Admin' is set on object 'Object Repository/OrangeHRM_Login/input_Login_Username'

2022-10-07 11:15:08 - [TEST_STEP][PASSED] - setEncryptedText(findTestObject("Object Repository/OrangeHRM_Login/input_Login_Password"), "hUKwJTbofgPU9eVlw/CnDQ=="): Text ****** has been set on object 'Object Repository/OrangeHRM_Login/input_Login_Password'

2022-10-07 11:15:09 - [MESSAGE][PASSED] - Text ****** has been set on object 'Object Repository/OrangeHRM_Login/input_Login_Password'

2022-10-07 11:15:09 - [TEST_STEP][PASSED] - click(findTestObject("Object Repository/OrangeHRM_Login/button_Login")): Object: 'Object Repository/OrangeHRM_Login/button_Login' is clicked on

2022-10-07 11:15:09 - [MESSAGE][PASSED] - Object: 'Object Repository/OrangeHRM_Login/button_Login' is clicked on

2022-10-07 11:15:09 - [MESSAGE][PASSED] - Call Test Case 'Test Cases/OrangeHRM_Login_Page' successfully

2022-10-07 11:15:09 - [TEST_STEP][PASSED] - click(findTestObject("Object Repository/OrangeHRM_Employee_Create/button_Add_Employee")): Object: 'Object Repository/OrangeHRM_Employee_Create/button_Add_Employee' is clicked on

2022-10-07 11:15:13 - [MESSAGE][PASSED] - Object: 'Object Repository/OrangeHRM_Employee_Create/button_Add_Employee' is clicked on

2022-10-07 11:15:13 - [TEST_STEP][PASSED] - setText(findTestObject("Object Repository/OrangeHRM_Employee_Create/input_Employee_firstName"), "Rajan"): Text 'Rajan' is set on object 'Object Repository/OrangeHRM_Employee_Create/input_Employee_firstName'

2022-10-07 11:15:14 - [MESSAGE][PASSED] - Text 'Rajan' is set on object 'Object Repository/OrangeHRM_Employee_Create/input_Employee_firstName'

2022-10-07 11:15:14 - [TEST_STEP][PASSED] - setText(findTestObject("Object Repository/OrangeHRM_Employee_Create/input_Employee_middleName"), "Sham"): Text 'Sham' is set on object 'Object Repository/OrangeHRM_Employee_Create/input_Employee_middleName'

2022-10-07 11:15:15 - [MESSAGE][PASSED] - Text 'Sham' is set on object 'Object Repository/OrangeHRM_Employee_Create/input_Employee_middleName'

2022-10-07 11:15:15 - [TEST_STEP][PASSED] - setText(findTestObject("Object Repository/OrangeHRM_Employee_Create/input_Employee_lastName"), "Shankar"): Text 'Shankar' is set on object 'Object Repository/OrangeHRM_Employee_Create/input_Employee_lastName'

2022-10-07 11:15:16 - [MESSAGE][PASSED] - Text 'Shankar' is set on object 'Object Repository/OrangeHRM_Employee_Create/input_Employee_lastName'

2022-10-07 11:15:16 - [TEST_STEP][PASSED] - setText(findTestObject("Object Repository/OrangeHRM_Employee_Create/input_Enter_Employee Id"), "002"): Text '002' is set on object 'Object Repository/OrangeHRM_Employee_Create/input_Enter_Employee Id'

2022-10-07 11:15:16 - [MESSAGE][PASSED] - Text '002' is set on object 'Object Repository/OrangeHRM_Employee_Create/input_Enter_Employee Id'

2022-10-07 11:15:16 - [TEST_STEP][PASSED] - click(findTestObject("Object Repository/OrangeHRM_Employee_Create/button_Employee_Save")): Object: 'Object Repository/OrangeHRM_Employee_Create/button_Employee_Save' is clicked on

2022-10-07 11:15:17 - [MESSAGE][PASSED] - Object: 'Object Repository/OrangeHRM_Employee_Create/button_Employee_Save' is clicked on

2022-10-07 11:15:17 - [TEST_STEP][PASSED] - waitForAlert(2): No alert found after 2 second(s).

2022-10-07 11:15:19 - [MESSAGE][WARNING] - No alert found after 2 second(s).

2022-10-07 11:15:19 - [TEST_STEP][PASSED] - setText(findTestObject("Object Repository/OrangeHRM_Employee_Create/input_Enter_Employee_Other Id"), "RSS202206"): Text 'RSS202206' is set on object 'Object Repository/OrangeHRM_Employee_Create/input_Enter_Employee_Other Id'

2022-10-07 11:15:22 - [MESSAGE][PASSED] - Text 'RSS202206' is set on object 'Object Repository/OrangeHRM_Employee_Create/input_Enter_Employee_Other Id'

2022-10-07 11:15:22 - [TEST_STEP][PASSED] - setText(findTestObject("Object Repository/OrangeHRM_Employee_Create/input_Enter_driver_license_number"), "MH1420130221"): Text 'MH1420130221' is set on object 'Object Repository/OrangeHRM_Employee_Create/input_Enter_driver_license_number'

2022-10-07 11:15:23 - [MESSAGE][PASSED] - Text 'MH1420130221' is set on object 'Object Repository/OrangeHRM_Employee_Create/input_Enter_driver_license_number'

2022-10-07 11:15:23 - [TEST_STEP][PASSED] - setText(findTestObject("Object Repository/OrangeHRM_Employee_Create/input_Enter_License Expiry Date"), "3000-05-40"): Text '3000-05-40' is set on object 'Object Repository/OrangeHRM_Employee_Create/input_Enter_License Expiry Date'

2022-10-07 11:15:24 - [MESSAGE][PASSED] - Text '3000-05-40' is set on object 'Object Repository/OrangeHRM_Employee_Create/input_Enter_License Expiry Date'

2022-10-07 11:15:24 - [TEST_STEP][FAILED] - verifyElementNotVisible(findTestObject("Object Repository/OrangeHRM_Employee_Create/span_Should be a valid date in yyyy-mm-dd format")): Unable to verify object 'Object Repository/OrangeHRM_Employee_Create/span_Should be a valid date in yyyy-mm-dd format' is NOT visible (Root cause: com.kms.katalon.core.exception.StepFailedException: Unable to verify object 'Object Repository/OrangeHRM_Employee_Create/span_Should be a valid date in yyyy-mm-dd format' is NOT visible
	at com.kms.katalon.core.webui.keyword.internal.WebUIKeywordMain.stepFailed(WebUIKeywordMain.groovy:64)
	at com.kms.katalon.core.webui.keyword.internal.WebUIKeywordMain.runKeyword(WebUIKeywordMain.groovy:26)
	at com.kms.katalon.core.webui.keyword.builtin.VerifyElementNotVisibleKeyword.verifyElementNotVisible(VerifyElementNotVisibleKeyword.groovy:97)
	at com.kms.katalon.core.webui.keyword.builtin.VerifyElementNotVisibleKeyword.execute(VerifyElementNotVisibleKeyword.groovy:67)
	at com.kms.katalon.core.keyword.internal.KeywordExecutor.executeKeywordForPlatform(KeywordExecutor.groovy:74)
	at com.kms.katalon.core.webui.keyword.WebUiBuiltInKeywords.verifyElementNotVisible(WebUiBuiltInKeywords.groovy:405)
	at com.kms.katalon.core.webui.keyword.WebUiBuiltInKeywords$verifyElementNotVisible$9.call(Unknown Source)
	at OrangeHRM_Employee_create_wrong_input.run(OrangeHRM_Employee_create_wrong_input:42)
	at com.kms.katalon.core.main.ScriptEngine.run(ScriptEngine.java:194)
	at com.kms.katalon.core.main.ScriptEngine.runScriptAsRawText(ScriptEngine.java:119)
	at com.kms.katalon.core.main.TestCaseExecutor.runScript(TestCaseExecutor.java:448)
	at com.kms.katalon.core.main.TestCaseExecutor.doExecute(TestCaseExecutor.java:439)
	at com.kms.katalon.core.main.TestCaseExecutor.processExecutionPhase(TestCaseExecutor.java:418)
	at com.kms.katalon.core.main.TestCaseExecutor.accessMainPhase(TestCaseExecutor.java:410)
	at com.kms.katalon.core.main.TestCaseExecutor.execute(TestCaseExecutor.java:285)
	at com.kms.katalon.core.common.CommonExecutor.accessTestCaseMainPhase(CommonExecutor.java:65)
	at com.kms.katalon.core.main.TestSuiteExecutor.accessTestSuiteMainPhase(TestSuiteExecutor.java:151)
	at com.kms.katalon.core.main.TestSuiteExecutor.execute(TestSuiteExecutor.java:106)
	at com.kms.katalon.core.main.TestCaseMain.startTestSuite(TestCaseMain.java:185)
	at com.kms.katalon.core.main.TestCaseMain$startTestSuite$0.call(Unknown Source)
	at TempTestSuite1665121377584.run(TempTestSuite1665121377584.groovy:36)
Caused by: com.kms.katalon.core.exception.StepFailedException: Object 'Object Repository/OrangeHRM_Employee_Create/span_Should be a valid date in yyyy-mm-dd format' is visible
	at com.kms.katalon.core.webui.keyword.internal.WebUIKeywordMain.stepFailed(WebUIKeywordMain.groovy:64)
	at com.kms.katalon.core.webui.keyword.builtin.VerifyElementNotVisibleKeyword$_verifyElementNotVisible_closure1.doCall(VerifyElementNotVisibleKeyword.groovy:83)
	at com.kms.katalon.core.webui.keyword.builtin.VerifyElementNotVisibleKeyword$_verifyElementNotVisible_closure1.call(VerifyElementNotVisibleKeyword.groovy)
	at com.kms.katalon.core.webui.keyword.internal.WebUIKeywordMain.runKeyword(WebUIKeywordMain.groovy:20)
	... 19 more
)

2022-10-07 11:15:55 - [MESSAGE][INFO] - Unable to find the element located by 'By.xpath: //div[@id='app']/div/div[2]/div[2]/div/div/div/div[2]/div/form/div[2]/div[2]/div[2]/div/span'. Please recheck the objects properties to make sure the desired element is located. 

2022-10-07 11:15:55 - [MESSAGE][WARNING] - [SELF-HEALING] Failed to find element with id 'Object Repository/OrangeHRM_Employee_Create/span_Should be a valid date in yyyy-mm-dd format'. Try using Self-healing.

2022-10-07 11:15:55 - [MESSAGE][WARNING] - [SELF-HEALING] The current locator of test object 'Object Repository/OrangeHRM_Employee_Create/span_Should be a valid date in yyyy-mm-dd format' was broken. Propose an alternative one: '(.//*[normalize-space(text()) and normalize-space(.)='License Expiry Date'])[1]/following::span[1]'.

2022-10-07 11:15:55 - [MESSAGE][FAILED] - Object 'Object Repository/OrangeHRM_Employee_Create/span_Should be a valid date in yyyy-mm-dd format' is visible (Root cause: com.kms.katalon.core.exception.StepFailedException: Object 'Object Repository/OrangeHRM_Employee_Create/span_Should be a valid date in yyyy-mm-dd format' is visible
	at com.kms.katalon.core.webui.keyword.internal.WebUIKeywordMain.stepFailed(WebUIKeywordMain.groovy:64)
	at com.kms.katalon.core.webui.keyword.builtin.VerifyElementNotVisibleKeyword$_verifyElementNotVisible_closure1.doCall(VerifyElementNotVisibleKeyword.groovy:83)
	at com.kms.katalon.core.webui.keyword.builtin.VerifyElementNotVisibleKeyword$_verifyElementNotVisible_closure1.call(VerifyElementNotVisibleKeyword.groovy)
	at com.kms.katalon.core.webui.keyword.internal.WebUIKeywordMain.runKeyword(WebUIKeywordMain.groovy:20)
	at com.kms.katalon.core.webui.keyword.builtin.VerifyElementNotVisibleKeyword.verifyElementNotVisible(VerifyElementNotVisibleKeyword.groovy:97)
	at com.kms.katalon.core.webui.keyword.builtin.VerifyElementNotVisibleKeyword.execute(VerifyElementNotVisibleKeyword.groovy:67)
	at com.kms.katalon.core.keyword.internal.KeywordExecutor.executeKeywordForPlatform(KeywordExecutor.groovy:74)
	at com.kms.katalon.core.webui.keyword.WebUiBuiltInKeywords.verifyElementNotVisible(WebUiBuiltInKeywords.groovy:405)
	at com.kms.katalon.core.webui.keyword.WebUiBuiltInKeywords$verifyElementNotVisible$9.call(Unknown Source)
	at OrangeHRM_Employee_create_wrong_input.run(OrangeHRM_Employee_create_wrong_input:42)
	at com.kms.katalon.core.main.ScriptEngine.run(ScriptEngine.java:194)
	at com.kms.katalon.core.main.ScriptEngine.runScriptAsRawText(ScriptEngine.java:119)
	at com.kms.katalon.core.main.TestCaseExecutor.runScript(TestCaseExecutor.java:448)
	at com.kms.katalon.core.main.TestCaseExecutor.doExecute(TestCaseExecutor.java:439)
	at com.kms.katalon.core.main.TestCaseExecutor.processExecutionPhase(TestCaseExecutor.java:418)
	at com.kms.katalon.core.main.TestCaseExecutor.accessMainPhase(TestCaseExecutor.java:410)
	at com.kms.katalon.core.main.TestCaseExecutor.execute(TestCaseExecutor.java:285)
	at com.kms.katalon.core.common.CommonExecutor.accessTestCaseMainPhase(CommonExecutor.java:65)
	at com.kms.katalon.core.main.TestSuiteExecutor.accessTestSuiteMainPhase(TestSuiteExecutor.java:151)
	at com.kms.katalon.core.main.TestSuiteExecutor.execute(TestSuiteExecutor.java:106)
	at com.kms.katalon.core.main.TestCaseMain.startTestSuite(TestCaseMain.java:185)
	at com.kms.katalon.core.main.TestCaseMain$startTestSuite$0.call(Unknown Source)
	at TempTestSuite1665121377584.run(TempTestSuite1665121377584.groovy:36)
)
[[ATTACHMENT|C:\\Users\\rahul.manekari\\Katalon Studio\\POC_OrangeHRM_Katalon.git\\Reports\\20221007_111257\\OrangeHRM_Employee_record\\20221007_111257\\1665121555477.png]]

2022-10-07 11:15:55 - [MESSAGE][FAILED] - Unable to verify object 'Object Repository/OrangeHRM_Employee_Create/span_Should be a valid date in yyyy-mm-dd format' is NOT visible (Root cause: com.kms.katalon.core.exception.StepFailedException: Unable to verify object 'Object Repository/OrangeHRM_Employee_Create/span_Should be a valid date in yyyy-mm-dd format' is NOT visible
	at com.kms.katalon.core.webui.keyword.internal.WebUIKeywordMain.stepFailed(WebUIKeywordMain.groovy:64)
	at com.kms.katalon.core.webui.keyword.internal.WebUIKeywordMain.runKeyword(WebUIKeywordMain.groovy:26)
	at com.kms.katalon.core.webui.keyword.builtin.VerifyElementNotVisibleKeyword.verifyElementNotVisible(VerifyElementNotVisibleKeyword.groovy:97)
	at com.kms.katalon.core.webui.keyword.builtin.VerifyElementNotVisibleKeyword.execute(VerifyElementNotVisibleKeyword.groovy:67)
	at com.kms.katalon.core.keyword.internal.KeywordExecutor.executeKeywordForPlatform(KeywordExecutor.groovy:74)
	at com.kms.katalon.core.webui.keyword.WebUiBuiltInKeywords.verifyElementNotVisible(WebUiBuiltInKeywords.groovy:405)
	at com.kms.katalon.core.webui.keyword.WebUiBuiltInKeywords$verifyElementNotVisible$9.call(Unknown Source)
	at OrangeHRM_Employee_create_wrong_input.run(OrangeHRM_Employee_create_wrong_input:42)
	at com.kms.katalon.core.main.ScriptEngine.run(ScriptEngine.java:194)
	at com.kms.katalon.core.main.ScriptEngine.runScriptAsRawText(ScriptEngine.java:119)
	at com.kms.katalon.core.main.TestCaseExecutor.runScript(TestCaseExecutor.java:448)
	at com.kms.katalon.core.main.TestCaseExecutor.doExecute(TestCaseExecutor.java:439)
	at com.kms.katalon.core.main.TestCaseExecutor.processExecutionPhase(TestCaseExecutor.java:418)
	at com.kms.katalon.core.main.TestCaseExecutor.accessMainPhase(TestCaseExecutor.java:410)
	at com.kms.katalon.core.main.TestCaseExecutor.execute(TestCaseExecutor.java:285)
	at com.kms.katalon.core.common.CommonExecutor.accessTestCaseMainPhase(CommonExecutor.java:65)
	at com.kms.katalon.core.main.TestSuiteExecutor.accessTestSuiteMainPhase(TestSuiteExecutor.java:151)
	at com.kms.katalon.core.main.TestSuiteExecutor.execute(TestSuiteExecutor.java:106)
	at com.kms.katalon.core.main.TestCaseMain.startTestSuite(TestCaseMain.java:185)
	at com.kms.katalon.core.main.TestCaseMain$startTestSuite$0.call(Unknown Source)
	at TempTestSuite1665121377584.run(TempTestSuite1665121377584.groovy:36)
Caused by: com.kms.katalon.core.exception.StepFailedException: Object 'Object Repository/OrangeHRM_Employee_Create/span_Should be a valid date in yyyy-mm-dd format' is visible
	at com.kms.katalon.core.webui.keyword.internal.WebUIKeywordMain.stepFailed(WebUIKeywordMain.groovy:64)
	at com.kms.katalon.core.webui.keyword.builtin.VerifyElementNotVisibleKeyword$_verifyElementNotVisible_closure1.doCall(VerifyElementNotVisibleKeyword.groovy:83)
	at com.kms.katalon.core.webui.keyword.builtin.VerifyElementNotVisibleKeyword$_verifyElementNotVisible_closure1.call(VerifyElementNotVisibleKeyword.groovy)
	at com.kms.katalon.core.webui.keyword.internal.WebUIKeywordMain.runKeyword(WebUIKeywordMain.groovy:20)
	... 19 more
)
[[ATTACHMENT|C:\\Users\\rahul.manekari\\Katalon Studio\\POC_OrangeHRM_Katalon.git\\Reports\\20221007_111257\\OrangeHRM_Employee_record\\20221007_111257\\1665121555609.png]]]]></system-out>
         <system-err><![CDATA[2022-10-07 11:15:03 - [TEST_CASE][FAILED] - Test Cases/OrangeHRM_Employee_create_wrong_input: Test Cases/OrangeHRM_Employee_create_wrong_input FAILED.
Reason:
com.kms.katalon.core.exception.StepFailedException: Unable to verify object 'Object Repository/OrangeHRM_Employee_Create/span_Should be a valid date in yyyy-mm-dd format' is NOT visible
	at com.kms.katalon.core.webui.keyword.internal.WebUIKeywordMain.stepFailed(WebUIKeywordMain.groovy:64)
	at com.kms.katalon.core.webui.keyword.internal.WebUIKeywordMain.runKeyword(WebUIKeywordMain.groovy:26)
	at com.kms.katalon.core.webui.keyword.builtin.VerifyElementNotVisibleKeyword.verifyElementNotVisible(VerifyElementNotVisibleKeyword.groovy:97)
	at com.kms.katalon.core.webui.keyword.builtin.VerifyElementNotVisibleKeyword.execute(VerifyElementNotVisibleKeyword.groovy:67)
	at com.kms.katalon.core.keyword.internal.KeywordExecutor.executeKeywordForPlatform(KeywordExecutor.groovy:74)
	at com.kms.katalon.core.webui.keyword.WebUiBuiltInKeywords.verifyElementNotVisible(WebUiBuiltInKeywords.groovy:405)
	at com.kms.katalon.core.webui.keyword.WebUiBuiltInKeywords$verifyElementNotVisible$9.call(Unknown Source)
	at OrangeHRM_Employee_create_wrong_input.run(OrangeHRM_Employee_create_wrong_input:42)
	at com.kms.katalon.core.main.ScriptEngine.run(ScriptEngine.java:194)
	at com.kms.katalon.core.main.ScriptEngine.runScriptAsRawText(ScriptEngine.java:119)
	at com.kms.katalon.core.main.TestCaseExecutor.runScript(TestCaseExecutor.java:448)
	at com.kms.katalon.core.main.TestCaseExecutor.doExecute(TestCaseExecutor.java:439)
	at com.kms.katalon.core.main.TestCaseExecutor.processExecutionPhase(TestCaseExecutor.java:418)
	at com.kms.katalon.core.main.TestCaseExecutor.accessMainPhase(TestCaseExecutor.java:410)
	at com.kms.katalon.core.main.TestCaseExecutor.execute(TestCaseExecutor.java:285)
	at com.kms.katalon.core.common.CommonExecutor.accessTestCaseMainPhase(CommonExecutor.java:65)
	at com.kms.katalon.core.main.TestSuiteExecutor.accessTestSuiteMainPhase(TestSuiteExecutor.java:151)
	at com.kms.katalon.core.main.TestSuiteExecutor.execute(TestSuiteExecutor.java:106)
	at com.kms.katalon.core.main.TestCaseMain.startTestSuite(TestCaseMain.java:185)
	at com.kms.katalon.core.main.TestCaseMain$startTestSuite$0.call(Unknown Source)
	at TempTestSuite1665121377584.run(TempTestSuite1665121377584.groovy:36)
Caused by: com.kms.katalon.core.exception.StepFailedException: Object 'Object Repository/OrangeHRM_Employee_Create/span_Should be a valid date in yyyy-mm-dd format' is visible
	at com.kms.katalon.core.webui.keyword.internal.WebUIKeywordMain.stepFailed(WebUIKeywordMain.groovy:64)
	at com.kms.katalon.core.webui.keyword.builtin.VerifyElementNotVisibleKeyword$_verifyElementNotVisible_closure1.doCall(VerifyElementNotVisibleKeyword.groovy:83)
	at com.kms.katalon.core.webui.keyword.builtin.VerifyElementNotVisibleKeyword$_verifyElementNotVisible_closure1.call(VerifyElementNotVisibleKeyword.groovy)
	at com.kms.katalon.core.webui.keyword.internal.WebUIKeywordMain.runKeyword(WebUIKeywordMain.groovy:20)
	... 19 more]]></system-err>
      </testcase>
      <system-out><![CDATA[2022-10-07 11:13:07 - [TEST_SUITE][FAILED] - OrangeHRM_Employee_record: Test Cases/OrangeHRM_Employee_create_wrong_input FAILED.
Reason:
com.kms.katalon.core.exception.StepFailedException: Unable to verify object 'Object Repository/OrangeHRM_Employee_Create/span_Should be a valid date in yyyy-mm-dd format' is NOT visible
	at com.kms.katalon.core.webui.keyword.internal.WebUIKeywordMain.stepFailed(WebUIKeywordMain.groovy:64)
	at com.kms.katalon.core.webui.keyword.internal.WebUIKeywordMain.runKeyword(WebUIKeywordMain.groovy:26)
	at com.kms.katalon.core.webui.keyword.builtin.VerifyElementNotVisibleKeyword.verifyElementNotVisible(VerifyElementNotVisibleKeyword.groovy:97)
	at com.kms.katalon.core.webui.keyword.builtin.VerifyElementNotVisibleKeyword.execute(VerifyElementNotVisibleKeyword.groovy:67)
	at com.kms.katalon.core.keyword.internal.KeywordExecutor.executeKeywordForPlatform(KeywordExecutor.groovy:74)
	at com.kms.katalon.core.webui.keyword.WebUiBuiltInKeywords.verifyElementNotVisible(WebUiBuiltInKeywords.groovy:405)
	at com.kms.katalon.core.webui.keyword.WebUiBuiltInKeywords$verifyElementNotVisible$9.call(Unknown Source)
	at OrangeHRM_Employee_create_wrong_input.run(OrangeHRM_Employee_create_wrong_input:42)
	at com.kms.katalon.core.main.ScriptEngine.run(ScriptEngine.java:194)
	at com.kms.katalon.core.main.ScriptEngine.runScriptAsRawText(ScriptEngine.java:119)
	at com.kms.katalon.core.main.TestCaseExecutor.runScript(TestCaseExecutor.java:448)
	at com.kms.katalon.core.main.TestCaseExecutor.doExecute(TestCaseExecutor.java:439)
	at com.kms.katalon.core.main.TestCaseExecutor.processExecutionPhase(TestCaseExecutor.java:418)
	at com.kms.katalon.core.main.TestCaseExecutor.accessMainPhase(TestCaseExecutor.java:410)
	at com.kms.katalon.core.main.TestCaseExecutor.execute(TestCaseExecutor.java:285)
	at com.kms.katalon.core.common.CommonExecutor.accessTestCaseMainPhase(CommonExecutor.java:65)
	at com.kms.katalon.core.main.TestSuiteExecutor.accessTestSuiteMainPhase(TestSuiteExecutor.java:151)
	at com.kms.katalon.core.main.TestSuiteExecutor.execute(TestSuiteExecutor.java:106)
	at com.kms.katalon.core.main.TestCaseMain.startTestSuite(TestCaseMain.java:185)
	at com.kms.katalon.core.main.TestCaseMain$startTestSuite$0.call(Unknown Source)
	at TempTestSuite1665121377584.run(TempTestSuite1665121377584.groovy:36)
Caused by: com.kms.katalon.core.exception.StepFailedException: Object 'Object Repository/OrangeHRM_Employee_Create/span_Should be a valid date in yyyy-mm-dd format' is visible
	at com.kms.katalon.core.webui.keyword.internal.WebUIKeywordMain.stepFailed(WebUIKeywordMain.groovy:64)
	at com.kms.katalon.core.webui.keyword.builtin.VerifyElementNotVisibleKeyword$_verifyElementNotVisible_closure1.doCall(VerifyElementNotVisibleKeyword.groovy:83)
	at com.kms.katalon.core.webui.keyword.builtin.VerifyElementNotVisibleKeyword$_verifyElementNotVisible_closure1.call(VerifyElementNotVisibleKeyword.groovy)
	at com.kms.katalon.core.webui.keyword.internal.WebUIKeywordMain.runKeyword(WebUIKeywordMain.groovy:20)
	... 19 more]]></system-out>
      <system-err><![CDATA[2022-10-07 11:13:07 - [TEST_SUITE][FAILED] - OrangeHRM_Employee_record: Test Cases/OrangeHRM_Employee_create_wrong_input FAILED.
Reason:
com.kms.katalon.core.exception.StepFailedException: Unable to verify object 'Object Repository/OrangeHRM_Employee_Create/span_Should be a valid date in yyyy-mm-dd format' is NOT visible
	at com.kms.katalon.core.webui.keyword.internal.WebUIKeywordMain.stepFailed(WebUIKeywordMain.groovy:64)
	at com.kms.katalon.core.webui.keyword.internal.WebUIKeywordMain.runKeyword(WebUIKeywordMain.groovy:26)
	at com.kms.katalon.core.webui.keyword.builtin.VerifyElementNotVisibleKeyword.verifyElementNotVisible(VerifyElementNotVisibleKeyword.groovy:97)
	at com.kms.katalon.core.webui.keyword.builtin.VerifyElementNotVisibleKeyword.execute(VerifyElementNotVisibleKeyword.groovy:67)
	at com.kms.katalon.core.keyword.internal.KeywordExecutor.executeKeywordForPlatform(KeywordExecutor.groovy:74)
	at com.kms.katalon.core.webui.keyword.WebUiBuiltInKeywords.verifyElementNotVisible(WebUiBuiltInKeywords.groovy:405)
	at com.kms.katalon.core.webui.keyword.WebUiBuiltInKeywords$verifyElementNotVisible$9.call(Unknown Source)
	at OrangeHRM_Employee_create_wrong_input.run(OrangeHRM_Employee_create_wrong_input:42)
	at com.kms.katalon.core.main.ScriptEngine.run(ScriptEngine.java:194)
	at com.kms.katalon.core.main.ScriptEngine.runScriptAsRawText(ScriptEngine.java:119)
	at com.kms.katalon.core.main.TestCaseExecutor.runScript(TestCaseExecutor.java:448)
	at com.kms.katalon.core.main.TestCaseExecutor.doExecute(TestCaseExecutor.java:439)
	at com.kms.katalon.core.main.TestCaseExecutor.processExecutionPhase(TestCaseExecutor.java:418)
	at com.kms.katalon.core.main.TestCaseExecutor.accessMainPhase(TestCaseExecutor.java:410)
	at com.kms.katalon.core.main.TestCaseExecutor.execute(TestCaseExecutor.java:285)
	at com.kms.katalon.core.common.CommonExecutor.accessTestCaseMainPhase(CommonExecutor.java:65)
	at com.kms.katalon.core.main.TestSuiteExecutor.accessTestSuiteMainPhase(TestSuiteExecutor.java:151)
	at com.kms.katalon.core.main.TestSuiteExecutor.execute(TestSuiteExecutor.java:106)
	at com.kms.katalon.core.main.TestCaseMain.startTestSuite(TestCaseMain.java:185)
	at com.kms.katalon.core.main.TestCaseMain$startTestSuite$0.call(Unknown Source)
	at TempTestSuite1665121377584.run(TempTestSuite1665121377584.groovy:36)
Caused by: com.kms.katalon.core.exception.StepFailedException: Object 'Object Repository/OrangeHRM_Employee_Create/span_Should be a valid date in yyyy-mm-dd format' is visible
	at com.kms.katalon.core.webui.keyword.internal.WebUIKeywordMain.stepFailed(WebUIKeywordMain.groovy:64)
	at com.kms.katalon.core.webui.keyword.builtin.VerifyElementNotVisibleKeyword$_verifyElementNotVisible_closure1.doCall(VerifyElementNotVisibleKeyword.groovy:83)
	at com.kms.katalon.core.webui.keyword.builtin.VerifyElementNotVisibleKeyword$_verifyElementNotVisible_closure1.call(VerifyElementNotVisibleKeyword.groovy)
	at com.kms.katalon.core.webui.keyword.internal.WebUIKeywordMain.runKeyword(WebUIKeywordMain.groovy:20)
	... 19 more]]></system-err>
   </testsuite>
</testsuites>
